<?xml version="1.0" encoding="UTF-8"?>
<!-- Generated by org.testng.reporters.JUnitReportReporter -->
<testsuite hostname="dac41" failures="0" tests="1" name="project1.HelloWorldTest" time="15.754" errors="0" timestamp="2024-01-13T15:14:40 IST" skipped="0">
  <testcase classname="project1.HelloWorldTest" name="testHelloWorld" time="15.754"/>
  <system-out/>
</testsuite> <!-- project1.HelloWorldTest -->
